<?xml version="1.0" encoding="UTF-8"?>
<!-- Generated by org.testng.reporters.JUnitXMLReporter -->
<testsuite ignored="0" hostname="DESKTOP-VTPUTTF" failures="1" tests="7" name="Test" time="147.69" errors="0" timestamp="2021-04-27T20:18:45 IDT">
  <testcase classname="tests.RegistrationTest" name="goToRegister" time="0.628"/>
  <testcase classname="tests.RegistrationTest" name="fillRegistrationDetails" time="2.838"/>
  <testcase classname="tests.CareerTest" name="ClickOnJobField" time="30.023"/>
  <testcase classname="tests.MinimumOrderError" name="MininumOrderTest" time="32.801"/>
  <testcase classname="tests.SanityTest" name="GoingToRestaurant" time="26.077"/>
  <testcase classname="tests.SanityTest" name="GoingToOrderPage" time="7.265">
    <failure type="java.lang.AssertionError" message="expected [true] but found [false]">
      <![CDATA[java.lang.AssertionError: expected [true] but found [false]
at tests.SanityTest.GoingToOrderPage(SanityTest.java:122)
at java.base/java.util.ArrayList.forEach(ArrayList.java:1510)
... Removed 35 stack frames]]>
    </failure>
  </testcase> <!-- GoingToOrderPage -->
  <testcase classname="tests.ErrorLoginTest" name="errMessage" time="4.783"/>
</testsuite> <!-- Test -->
